<?xml version="1.0" encoding="UTF-8"?>
<Site BuildName="(empty)"
	BuildStamp="20250401-0753-Experimental"
	Name="(empty)"
	Generator="ctest-3.22.1"
	CompilerName=""
	CompilerVersion=""
	OSName="Linux"
	Hostname="user-HP-Laptop-15s-eq0xxx"
	OSRelease="6.8.0-52-generic"
	OSVersion="#53~22.04.1-Ubuntu SMP PREEMPT_DYNAMIC Wed Jan 15 19:18:46 UTC 2"
	OSPlatform="x86_64"
	Is64Bits="1"
	VendorString="AuthenticAMD"
	VendorID="Advanced Micro Devices"
	FamilyID="23"
	ModelID="24"
	ProcessorCacheSize="512"
	NumberOfLogicalCPU="8"
	NumberOfPhysicalCPU="4"
	TotalVirtualMemory="2047"
	TotalPhysicalMemory="13888"
	LogicalProcessorsPerPhysical="2"
	ProcessorClockFrequency="1285.18"
	>
	<Testing>
		<StartDateTime>Apr 01 10:53 MSK</StartDateTime>
		<StartTestTime>1743494022</StartTestTime>
		<TestList/>
		<EndDateTime>Apr 01 10:53 MSK</EndDateTime>
		<EndTestTime>1743494022</EndTestTime>
		<ElapsedMinutes>0</ElapsedMinutes>
	</Testing>
</Site>
